2017-09-05T20:07:43,177 [ERROR] (    AbstractJDBCDao.java: 146) - Cannot find Instance rdepended Object 
java.sql.SQLException: [SQLITE_ERROR] SQL error or missing database (near "FROM": syntax error)
	at org.sqlite.DB.newSQLException(DB.java:383) ~[sqlite-jdbc-3.7.2.jar:?]
	at org.sqlite.DB.newSQLException(DB.java:387) ~[sqlite-jdbc-3.7.2.jar:?]
	at org.sqlite.DB.throwex(DB.java:374) ~[sqlite-jdbc-3.7.2.jar:?]
	at org.sqlite.NativeDB.prepare(Native Method) ~[sqlite-jdbc-3.7.2.jar:?]
	at org.sqlite.DB.prepare(DB.java:123) ~[sqlite-jdbc-3.7.2.jar:?]
	at org.sqlite.PrepStmt.<init>(PrepStmt.java:42) ~[sqlite-jdbc-3.7.2.jar:?]
	at org.sqlite.Conn.prepareStatement(Conn.java:404) ~[sqlite-jdbc-3.7.2.jar:?]
	at org.sqlite.Conn.prepareStatement(Conn.java:399) ~[sqlite-jdbc-3.7.2.jar:?]
	at org.sqlite.Conn.prepareStatement(Conn.java:383) ~[sqlite-jdbc-3.7.2.jar:?]
	at main.dao.AbstractJDBCDao.getInstanceallDepencedObj1(AbstractJDBCDao.java:134) [bin/:?]
	at test.dao.CourseDAOTest.testgetInstanceallDepencedObj1(CourseDAOTest.java:77) [bin/:?]
	at sun.reflect.NativeMethodAccessorImpl.invoke0(Native Method) ~[?:1.8.0_144]
	at sun.reflect.NativeMethodAccessorImpl.invoke(Unknown Source) ~[?:1.8.0_144]
	at sun.reflect.DelegatingMethodAccessorImpl.invoke(Unknown Source) ~[?:1.8.0_144]
	at java.lang.reflect.Method.invoke(Unknown Source) ~[?:1.8.0_144]
	at org.junit.runners.model.FrameworkMethod$1.runReflectiveCall(FrameworkMethod.java:47) [junit.jar:?]
	at org.junit.internal.runners.model.ReflectiveCallable.run(ReflectiveCallable.java:12) [junit.jar:?]
	at org.junit.runners.model.FrameworkMethod.invokeExplosively(FrameworkMethod.java:44) [junit.jar:?]
	at org.junit.internal.runners.statements.InvokeMethod.evaluate(InvokeMethod.java:17) [junit.jar:?]
	at org.junit.internal.runners.statements.RunBefores.evaluate(RunBefores.java:26) [junit.jar:?]
	at org.junit.internal.runners.statements.RunAfters.evaluate(RunAfters.java:27) [junit.jar:?]
	at org.junit.runners.ParentRunner.runLeaf(ParentRunner.java:271) [junit.jar:?]
	at org.junit.runners.BlockJUnit4ClassRunner.runChild(BlockJUnit4ClassRunner.java:70) [junit.jar:?]
	at org.junit.runners.BlockJUnit4ClassRunner.runChild(BlockJUnit4ClassRunner.java:50) [junit.jar:?]
	at org.junit.runners.ParentRunner$3.run(ParentRunner.java:238) [junit.jar:?]
	at org.junit.runners.ParentRunner$1.schedule(ParentRunner.java:63) [junit.jar:?]
	at org.junit.runners.ParentRunner.runChildren(ParentRunner.java:236) [junit.jar:?]
	at org.junit.runners.ParentRunner.access$000(ParentRunner.java:53) [junit.jar:?]
	at org.junit.runners.ParentRunner$2.evaluate(ParentRunner.java:229) [junit.jar:?]
	at org.junit.runners.ParentRunner.run(ParentRunner.java:309) [junit.jar:?]
	at org.eclipse.jdt.internal.junit4.runner.JUnit4TestReference.run(JUnit4TestReference.java:50) [.cp/:?]
	at org.eclipse.jdt.internal.junit.runner.TestExecution.run(TestExecution.java:38) [.cp/:?]
	at org.eclipse.jdt.internal.junit.runner.RemoteTestRunner.runTests(RemoteTestRunner.java:459) [.cp/:?]
	at org.eclipse.jdt.internal.junit.runner.RemoteTestRunner.runTests(RemoteTestRunner.java:675) [.cp/:?]
	at org.eclipse.jdt.internal.junit.runner.RemoteTestRunner.run(RemoteTestRunner.java:382) [.cp/:?]
	at org.eclipse.jdt.internal.junit.runner.RemoteTestRunner.main(RemoteTestRunner.java:192) [.cp/:?]
