2017-09-01T20:13:50,518 [INFO ] (      SqLiteRoomDao.java:  44) - Creating new room with capacity=43 , address=Lviv
2017-09-01T20:13:50,521 [INFO ] (    AbstractJDBCDao.java: 135) - Create Object Roomnull [capacity=43, address=Lviv]
2017-09-01T20:13:50,522 [DEBUG] (    AbstractJDBCDao.java: 137) - Open connection
2017-09-01T20:13:50,803 [DEBUG] (    AbstractJDBCDao.java: 139) - Create prepared statement
2017-09-01T20:13:50,806 [DEBUG] (      SqLiteRoomDao.java:  73) - Prepare Statement for insert to DB
2017-09-01T20:13:50,806 [DEBUG] (    AbstractJDBCDao.java: 143) - Get count of inserted result set
2017-09-01T20:13:50,987 [DEBUG] (    AbstractJDBCDao.java: 152) - statement closed
2017-09-01T20:13:50,987 [DEBUG] (    AbstractJDBCDao.java: 158) - Create prepared statement
2017-09-01T20:13:50,988 [DEBUG] (    AbstractJDBCDao.java: 160) - Get result set
2017-09-01T20:13:50,988 [DEBUG] (      SqLiteRoomDao.java:  52) - Parse Result Set from DB to Object's List
2017-09-01T20:13:50,989 [DEBUG] (    AbstractJDBCDao.java: 170) - connection closed
2017-09-01T20:13:50,993 [INFO ] (    AbstractJDBCDao.java:  74) - Get object from DB by key 127
2017-09-01T20:13:50,993 [DEBUG] (    AbstractJDBCDao.java:  76) - Open connection & Create prepared statement
2017-09-01T20:13:50,995 [DEBUG] (    AbstractJDBCDao.java:  81) - Get result set
2017-09-01T20:13:50,996 [DEBUG] (    AbstractJDBCDao.java:  84) - Parse result set
2017-09-01T20:13:50,996 [DEBUG] (      SqLiteRoomDao.java:  52) - Parse Result Set from DB to Object's List
2017-09-01T20:13:50,996 [DEBUG] (    AbstractJDBCDao.java:  87) - statement&connection closed
2017-09-01T20:13:50,998 [INFO ] (      SqLiteRoomDao.java:  44) - Creating new room with capacity=40 , address=Lviv
2017-09-01T20:13:50,998 [INFO ] (    AbstractJDBCDao.java: 135) - Create Object Roomnull [capacity=40, address=Lviv]
2017-09-01T20:13:50,998 [DEBUG] (    AbstractJDBCDao.java: 137) - Open connection
2017-09-01T20:13:51,000 [DEBUG] (    AbstractJDBCDao.java: 139) - Create prepared statement
2017-09-01T20:13:51,000 [DEBUG] (      SqLiteRoomDao.java:  73) - Prepare Statement for insert to DB
2017-09-01T20:13:51,001 [DEBUG] (    AbstractJDBCDao.java: 143) - Get count of inserted result set
2017-09-01T20:13:51,131 [DEBUG] (    AbstractJDBCDao.java: 152) - statement closed
2017-09-01T20:13:51,132 [DEBUG] (    AbstractJDBCDao.java: 158) - Create prepared statement
2017-09-01T20:13:51,132 [DEBUG] (    AbstractJDBCDao.java: 160) - Get result set
2017-09-01T20:13:51,132 [DEBUG] (      SqLiteRoomDao.java:  52) - Parse Result Set from DB to Object's List
2017-09-01T20:13:51,133 [DEBUG] (    AbstractJDBCDao.java: 170) - connection closed
2017-09-01T20:13:51,137 [INFO ] (      SqLiteRoomDao.java:  44) - Creating new room with capacity=30 , address=Rivne
2017-09-01T20:13:51,137 [INFO ] (    AbstractJDBCDao.java: 135) - Create Object Roomnull [capacity=30, address=Rivne]
2017-09-01T20:13:51,138 [DEBUG] (    AbstractJDBCDao.java: 137) - Open connection
2017-09-01T20:13:51,139 [DEBUG] (    AbstractJDBCDao.java: 139) - Create prepared statement
2017-09-01T20:13:51,140 [DEBUG] (      SqLiteRoomDao.java:  73) - Prepare Statement for insert to DB
2017-09-01T20:13:51,140 [DEBUG] (    AbstractJDBCDao.java: 143) - Get count of inserted result set
2017-09-01T20:13:51,364 [DEBUG] (    AbstractJDBCDao.java: 152) - statement closed
2017-09-01T20:13:51,365 [DEBUG] (    AbstractJDBCDao.java: 158) - Create prepared statement
2017-09-01T20:13:51,365 [DEBUG] (    AbstractJDBCDao.java: 160) - Get result set
2017-09-01T20:13:51,365 [DEBUG] (      SqLiteRoomDao.java:  52) - Parse Result Set from DB to Object's List
2017-09-01T20:13:51,365 [DEBUG] (    AbstractJDBCDao.java: 170) - connection closed
2017-09-01T20:13:51,370 [INFO ] (    AbstractJDBCDao.java: 110) - Get all objects from DB
2017-09-01T20:13:51,370 [DEBUG] (    AbstractJDBCDao.java: 112) - Open connection & Create prepared statement & Get result set
2017-09-01T20:13:51,372 [DEBUG] (    AbstractJDBCDao.java: 117) - Parse result set
2017-09-01T20:13:51,372 [DEBUG] (      SqLiteRoomDao.java:  52) - Parse Result Set from DB to Object's List
2017-09-01T20:13:51,373 [DEBUG] (    AbstractJDBCDao.java: 120) - resultset & statement & connection closed
2017-09-01T20:13:51,373 [INFO ] (    AbstractJDBCDao.java: 182) - Delete Object Room129 [capacity=30, address=Rivne]
2017-09-01T20:13:51,373 [DEBUG] (    AbstractJDBCDao.java: 184) - Open connection & Create prepared statement
2017-09-01T20:13:51,375 [DEBUG] (    AbstractJDBCDao.java: 190) - Get count of deleted result set
2017-09-01T20:13:51,553 [DEBUG] (    AbstractJDBCDao.java: 198) - statement & connection closed
2017-09-01T20:13:51,557 [INFO ] (    AbstractJDBCDao.java: 110) - Get all objects from DB
2017-09-01T20:13:51,558 [DEBUG] (    AbstractJDBCDao.java: 112) - Open connection & Create prepared statement & Get result set
2017-09-01T20:13:51,560 [DEBUG] (    AbstractJDBCDao.java: 117) - Parse result set
2017-09-01T20:13:51,560 [DEBUG] (      SqLiteRoomDao.java:  52) - Parse Result Set from DB to Object's List
2017-09-01T20:13:51,561 [DEBUG] (    AbstractJDBCDao.java: 120) - resultset & statement & connection closed
2017-09-01T20:13:51,561 [INFO ] (    AbstractJDBCDao.java: 110) - Get all objects from DB
2017-09-01T20:13:51,561 [DEBUG] (    AbstractJDBCDao.java: 112) - Open connection & Create prepared statement & Get result set
2017-09-01T20:13:51,563 [DEBUG] (    AbstractJDBCDao.java: 117) - Parse result set
2017-09-01T20:13:51,563 [DEBUG] (      SqLiteRoomDao.java:  52) - Parse Result Set from DB to Object's List
2017-09-01T20:13:51,563 [DEBUG] (    AbstractJDBCDao.java: 120) - resultset & statement & connection closed
2017-09-01T20:13:51,564 [INFO ] (    AbstractJDBCDao.java: 210) - Update Object Room4 [capacity=15, address=Chernivtsi]
2017-09-01T20:13:51,564 [DEBUG] (    AbstractJDBCDao.java: 212) - Open connection & Create prepared statement
2017-09-01T20:13:51,566 [DEBUG] (      SqLiteRoomDao.java:  86) - Prepare Statement for update to DB
2017-09-01T20:13:51,566 [DEBUG] (    AbstractJDBCDao.java: 217) - Get count of updates result set
2017-09-01T20:13:51,664 [DEBUG] (    AbstractJDBCDao.java: 225) - statement & connection closed
2017-09-01T20:13:51,669 [INFO ] (    AbstractJDBCDao.java:  74) - Get object from DB by key 4
2017-09-01T20:13:51,669 [DEBUG] (    AbstractJDBCDao.java:  76) - Open connection & Create prepared statement
2017-09-01T20:13:51,671 [DEBUG] (    AbstractJDBCDao.java:  81) - Get result set
2017-09-01T20:13:51,671 [DEBUG] (    AbstractJDBCDao.java:  84) - Parse result set
2017-09-01T20:13:51,672 [DEBUG] (      SqLiteRoomDao.java:  52) - Parse Result Set from DB to Object's List
2017-09-01T20:13:51,672 [DEBUG] (    AbstractJDBCDao.java:  87) - statement&connection closed
2017-09-01T21:14:03,555 [INFO ] (      SqLiteRoomDao.java:  44) - Creating new room with capacity=43 , address=Lviv
2017-09-01T21:14:03,557 [INFO ] (    AbstractJDBCDao.java: 135) - Create Object Roomnull [capacity=43, address=Lviv]
2017-09-01T21:14:03,558 [DEBUG] (    AbstractJDBCDao.java: 137) - Open connection
2017-09-01T21:14:03,641 [DEBUG] (    AbstractJDBCDao.java: 139) - Create prepared statement
2017-09-01T21:14:03,644 [DEBUG] (      SqLiteRoomDao.java:  73) - Prepare Statement for insert to DB
2017-09-01T21:14:03,644 [DEBUG] (    AbstractJDBCDao.java: 143) - Get count of inserted result set
2017-09-01T21:14:03,830 [DEBUG] (    AbstractJDBCDao.java: 152) - statement closed
2017-09-01T21:14:03,830 [DEBUG] (    AbstractJDBCDao.java: 158) - Create prepared statement
2017-09-01T21:14:03,830 [DEBUG] (    AbstractJDBCDao.java: 160) - Get result set
2017-09-01T21:14:03,831 [DEBUG] (      SqLiteRoomDao.java:  52) - Parse Result Set from DB to Object's List
2017-09-01T21:14:03,831 [DEBUG] (    AbstractJDBCDao.java: 170) - connection closed
2017-09-01T21:14:03,835 [INFO ] (    AbstractJDBCDao.java:  74) - Get object from DB by key 130
2017-09-01T21:14:03,836 [DEBUG] (    AbstractJDBCDao.java:  76) - Open connection & Create prepared statement
2017-09-01T21:14:03,838 [DEBUG] (    AbstractJDBCDao.java:  81) - Get result set
2017-09-01T21:14:03,838 [DEBUG] (    AbstractJDBCDao.java:  84) - Parse result set
2017-09-01T21:14:03,838 [DEBUG] (      SqLiteRoomDao.java:  52) - Parse Result Set from DB to Object's List
2017-09-01T21:14:03,838 [DEBUG] (    AbstractJDBCDao.java:  87) - statement&connection closed
2017-09-01T21:14:03,840 [INFO ] (      SqLiteRoomDao.java:  44) - Creating new room with capacity=40 , address=Lviv
2017-09-01T21:14:03,840 [INFO ] (    AbstractJDBCDao.java: 135) - Create Object Roomnull [capacity=40, address=Lviv]
2017-09-01T21:14:03,841 [DEBUG] (    AbstractJDBCDao.java: 137) - Open connection
2017-09-01T21:14:03,842 [DEBUG] (    AbstractJDBCDao.java: 139) - Create prepared statement
2017-09-01T21:14:03,842 [DEBUG] (      SqLiteRoomDao.java:  73) - Prepare Statement for insert to DB
2017-09-01T21:14:03,843 [DEBUG] (    AbstractJDBCDao.java: 143) - Get count of inserted result set
2017-09-01T21:14:04,040 [DEBUG] (    AbstractJDBCDao.java: 152) - statement closed
2017-09-01T21:14:04,041 [DEBUG] (    AbstractJDBCDao.java: 158) - Create prepared statement
2017-09-01T21:14:04,041 [DEBUG] (    AbstractJDBCDao.java: 160) - Get result set
2017-09-01T21:14:04,041 [DEBUG] (      SqLiteRoomDao.java:  52) - Parse Result Set from DB to Object's List
2017-09-01T21:14:04,042 [DEBUG] (    AbstractJDBCDao.java: 170) - connection closed
2017-09-01T21:14:04,047 [INFO ] (      SqLiteRoomDao.java:  44) - Creating new room with capacity=30 , address=Rivne
2017-09-01T21:14:04,047 [INFO ] (    AbstractJDBCDao.java: 135) - Create Object Roomnull [capacity=30, address=Rivne]
2017-09-01T21:14:04,047 [DEBUG] (    AbstractJDBCDao.java: 137) - Open connection
2017-09-01T21:14:04,049 [DEBUG] (    AbstractJDBCDao.java: 139) - Create prepared statement
2017-09-01T21:14:04,049 [DEBUG] (      SqLiteRoomDao.java:  73) - Prepare Statement for insert to DB
2017-09-01T21:14:04,049 [DEBUG] (    AbstractJDBCDao.java: 143) - Get count of inserted result set
2017-09-01T21:14:04,152 [DEBUG] (    AbstractJDBCDao.java: 152) - statement closed
2017-09-01T21:14:04,152 [DEBUG] (    AbstractJDBCDao.java: 158) - Create prepared statement
2017-09-01T21:14:04,152 [DEBUG] (    AbstractJDBCDao.java: 160) - Get result set
2017-09-01T21:14:04,152 [DEBUG] (      SqLiteRoomDao.java:  52) - Parse Result Set from DB to Object's List
2017-09-01T21:14:04,153 [DEBUG] (    AbstractJDBCDao.java: 170) - connection closed
2017-09-01T21:14:04,157 [INFO ] (    AbstractJDBCDao.java: 110) - Get all objects from DB
2017-09-01T21:14:04,157 [DEBUG] (    AbstractJDBCDao.java: 112) - Open connection & Create prepared statement & Get result set
2017-09-01T21:14:04,159 [DEBUG] (    AbstractJDBCDao.java: 117) - Parse result set
2017-09-01T21:14:04,160 [DEBUG] (      SqLiteRoomDao.java:  52) - Parse Result Set from DB to Object's List
2017-09-01T21:14:04,160 [DEBUG] (    AbstractJDBCDao.java: 120) - resultset & statement & connection closed
2017-09-01T21:14:04,160 [INFO ] (    AbstractJDBCDao.java: 182) - Delete Object Room132 [capacity=30, address=Rivne]
2017-09-01T21:14:04,161 [DEBUG] (    AbstractJDBCDao.java: 184) - Open connection & Create prepared statement
2017-09-01T21:14:04,163 [DEBUG] (    AbstractJDBCDao.java: 190) - Get count of deleted result set
2017-09-01T21:14:04,273 [DEBUG] (    AbstractJDBCDao.java: 198) - statement & connection closed
2017-09-01T21:14:04,278 [INFO ] (    AbstractJDBCDao.java: 110) - Get all objects from DB
2017-09-01T21:14:04,278 [DEBUG] (    AbstractJDBCDao.java: 112) - Open connection & Create prepared statement & Get result set
2017-09-01T21:14:04,280 [DEBUG] (    AbstractJDBCDao.java: 117) - Parse result set
2017-09-01T21:14:04,280 [DEBUG] (      SqLiteRoomDao.java:  52) - Parse Result Set from DB to Object's List
2017-09-01T21:14:04,281 [DEBUG] (    AbstractJDBCDao.java: 120) - resultset & statement & connection closed
2017-09-01T21:14:04,282 [INFO ] (    AbstractJDBCDao.java: 110) - Get all objects from DB
2017-09-01T21:14:04,282 [DEBUG] (    AbstractJDBCDao.java: 112) - Open connection & Create prepared statement & Get result set
2017-09-01T21:14:04,284 [DEBUG] (    AbstractJDBCDao.java: 117) - Parse result set
2017-09-01T21:14:04,284 [DEBUG] (      SqLiteRoomDao.java:  52) - Parse Result Set from DB to Object's List
2017-09-01T21:14:04,285 [DEBUG] (    AbstractJDBCDao.java: 120) - resultset & statement & connection closed
2017-09-01T21:14:04,285 [INFO ] (    AbstractJDBCDao.java: 210) - Update Object Room4 [capacity=15, address=Chernivtsi]
2017-09-01T21:14:04,285 [DEBUG] (    AbstractJDBCDao.java: 212) - Open connection & Create prepared statement
2017-09-01T21:14:04,287 [DEBUG] (      SqLiteRoomDao.java:  86) - Prepare Statement for update to DB
2017-09-01T21:14:04,287 [DEBUG] (    AbstractJDBCDao.java: 217) - Get count of updates result set
2017-09-01T21:14:04,373 [DEBUG] (    AbstractJDBCDao.java: 225) - statement & connection closed
2017-09-01T21:14:04,377 [INFO ] (    AbstractJDBCDao.java:  74) - Get object from DB by key 4
2017-09-01T21:14:04,377 [DEBUG] (    AbstractJDBCDao.java:  76) - Open connection & Create prepared statement
2017-09-01T21:14:04,379 [DEBUG] (    AbstractJDBCDao.java:  81) - Get result set
2017-09-01T21:14:04,380 [DEBUG] (    AbstractJDBCDao.java:  84) - Parse result set
2017-09-01T21:14:04,380 [DEBUG] (      SqLiteRoomDao.java:  52) - Parse Result Set from DB to Object's List
2017-09-01T21:14:04,380 [DEBUG] (    AbstractJDBCDao.java:  87) - statement&connection closed
2017-09-01T21:16:41,337 [INFO ] (    SqLiteCourseDao.java:  44) - Creating new course JavaEE , duration=10
2017-09-01T21:16:41,340 [INFO ] (    AbstractJDBCDao.java: 135) - Create Object Coursenull [name=JavaEE, duration=10, groups=0, professors=0]
2017-09-01T21:16:41,340 [DEBUG] (    AbstractJDBCDao.java: 137) - Open connection
2017-09-01T21:16:41,428 [DEBUG] (    AbstractJDBCDao.java: 139) - Create prepared statement
2017-09-01T21:16:41,431 [DEBUG] (    SqLiteCourseDao.java:  75) - Prepare Statement for insert to DB
2017-09-01T21:16:41,431 [DEBUG] (    AbstractJDBCDao.java: 143) - Get count of inserted result set
2017-09-01T21:16:41,603 [DEBUG] (    AbstractJDBCDao.java: 152) - statement closed
2017-09-01T21:16:41,603 [DEBUG] (    AbstractJDBCDao.java: 158) - Create prepared statement
2017-09-01T21:16:41,604 [DEBUG] (    AbstractJDBCDao.java: 160) - Get result set
2017-09-01T21:16:41,604 [DEBUG] (    SqLiteCourseDao.java:  53) - Parse Result Set from DB to Object's List
2017-09-01T21:16:41,604 [DEBUG] (    AbstractJDBCDao.java: 170) - connection closed
2017-09-01T21:16:41,609 [INFO ] (    AbstractJDBCDao.java:  74) - Get object from DB by key 1
2017-09-01T21:16:41,609 [DEBUG] (    AbstractJDBCDao.java:  76) - Open connection & Create prepared statement
2017-09-01T21:16:41,611 [DEBUG] (    AbstractJDBCDao.java:  81) - Get result set
2017-09-01T21:16:41,612 [DEBUG] (    AbstractJDBCDao.java:  84) - Parse result set
2017-09-01T21:16:41,612 [DEBUG] (    SqLiteCourseDao.java:  53) - Parse Result Set from DB to Object's List
2017-09-01T21:16:41,612 [DEBUG] (    AbstractJDBCDao.java:  87) - statement&connection closed
2017-09-01T21:16:41,614 [INFO ] (    SqLiteCourseDao.java:  44) - Creating new course Java , duration=40
2017-09-01T21:16:41,614 [INFO ] (    AbstractJDBCDao.java: 135) - Create Object Coursenull [name=Java, duration=40, groups=0, professors=0]
2017-09-01T21:16:41,615 [DEBUG] (    AbstractJDBCDao.java: 137) - Open connection
2017-09-01T21:16:41,616 [DEBUG] (    AbstractJDBCDao.java: 139) - Create prepared statement
2017-09-01T21:16:41,616 [DEBUG] (    SqLiteCourseDao.java:  75) - Prepare Statement for insert to DB
2017-09-01T21:16:41,617 [DEBUG] (    AbstractJDBCDao.java: 143) - Get count of inserted result set
2017-09-01T21:16:41,803 [DEBUG] (    AbstractJDBCDao.java: 152) - statement closed
2017-09-01T21:16:41,803 [DEBUG] (    AbstractJDBCDao.java: 158) - Create prepared statement
2017-09-01T21:16:41,803 [DEBUG] (    AbstractJDBCDao.java: 160) - Get result set
2017-09-01T21:16:41,804 [DEBUG] (    SqLiteCourseDao.java:  53) - Parse Result Set from DB to Object's List
2017-09-01T21:16:41,804 [DEBUG] (    AbstractJDBCDao.java: 170) - connection closed
2017-09-01T21:16:41,809 [INFO ] (    SqLiteCourseDao.java:  44) - Creating new course JavaEE , duration=10
2017-09-01T21:16:41,809 [INFO ] (    AbstractJDBCDao.java: 135) - Create Object Coursenull [name=JavaEE, duration=10, groups=0, professors=0]
2017-09-01T21:16:41,809 [DEBUG] (    AbstractJDBCDao.java: 137) - Open connection
2017-09-01T21:16:41,811 [DEBUG] (    AbstractJDBCDao.java: 139) - Create prepared statement
2017-09-01T21:16:41,811 [DEBUG] (    SqLiteCourseDao.java:  75) - Prepare Statement for insert to DB
2017-09-01T21:16:41,812 [DEBUG] (    AbstractJDBCDao.java: 143) - Get count of inserted result set
2017-09-01T21:16:41,971 [DEBUG] (    AbstractJDBCDao.java: 152) - statement closed
2017-09-01T21:16:41,971 [DEBUG] (    AbstractJDBCDao.java: 158) - Create prepared statement
2017-09-01T21:16:41,971 [DEBUG] (    AbstractJDBCDao.java: 160) - Get result set
2017-09-01T21:16:41,971 [DEBUG] (    SqLiteCourseDao.java:  53) - Parse Result Set from DB to Object's List
2017-09-01T21:16:41,972 [DEBUG] (    AbstractJDBCDao.java: 170) - connection closed
2017-09-01T21:16:41,976 [INFO ] (    AbstractJDBCDao.java: 110) - Get all objects from DB
2017-09-01T21:16:41,976 [DEBUG] (    AbstractJDBCDao.java: 112) - Open connection & Create prepared statement & Get result set
2017-09-01T21:16:41,978 [DEBUG] (    AbstractJDBCDao.java: 117) - Parse result set
2017-09-01T21:16:41,979 [DEBUG] (    SqLiteCourseDao.java:  53) - Parse Result Set from DB to Object's List
2017-09-01T21:16:41,979 [DEBUG] (    AbstractJDBCDao.java: 120) - resultset & statement & connection closed
2017-09-01T21:16:41,979 [INFO ] (    AbstractJDBCDao.java: 182) - Delete Object Course3 [name=JavaEE, duration=10, groups=0, professors=0]
2017-09-01T21:16:41,979 [DEBUG] (    AbstractJDBCDao.java: 184) - Open connection & Create prepared statement
2017-09-01T21:16:41,981 [DEBUG] (    AbstractJDBCDao.java: 190) - Get count of deleted result set
2017-09-01T21:16:42,080 [DEBUG] (    AbstractJDBCDao.java: 198) - statement & connection closed
2017-09-01T21:16:42,084 [INFO ] (    AbstractJDBCDao.java: 110) - Get all objects from DB
2017-09-01T21:16:42,085 [DEBUG] (    AbstractJDBCDao.java: 112) - Open connection & Create prepared statement & Get result set
2017-09-01T21:16:42,087 [DEBUG] (    AbstractJDBCDao.java: 117) - Parse result set
2017-09-01T21:16:42,087 [DEBUG] (    SqLiteCourseDao.java:  53) - Parse Result Set from DB to Object's List
2017-09-01T21:16:42,087 [DEBUG] (    AbstractJDBCDao.java: 120) - resultset & statement & connection closed
2017-09-01T21:16:42,088 [INFO ] (    AbstractJDBCDao.java: 110) - Get all objects from DB
2017-09-01T21:16:42,088 [DEBUG] (    AbstractJDBCDao.java: 112) - Open connection & Create prepared statement & Get result set
2017-09-01T21:16:42,090 [DEBUG] (    AbstractJDBCDao.java: 117) - Parse result set
2017-09-01T21:16:42,090 [DEBUG] (    SqLiteCourseDao.java:  53) - Parse Result Set from DB to Object's List
2017-09-01T21:16:42,090 [DEBUG] (    AbstractJDBCDao.java: 120) - resultset & statement & connection closed
2017-09-01T21:16:42,091 [INFO ] (    AbstractJDBCDao.java: 210) - Update Object Course4 [name=Math, duration=12, groups=0, professors=0]
2017-09-01T21:16:42,091 [DEBUG] (    AbstractJDBCDao.java: 212) - Open connection & Create prepared statement
2017-09-01T21:16:42,093 [DEBUG] (    SqLiteCourseDao.java:  88) - Prepare Statement for update to DB
2017-09-01T21:16:42,093 [DEBUG] (    AbstractJDBCDao.java: 217) - Get count of updates result set
2017-09-01T21:16:42,093 [ERROR] (    AbstractJDBCDao.java: 221) - On update modify more then 1 record: 
2017-09-01T21:16:42,094 [DEBUG] (    AbstractJDBCDao.java: 227) - statement & connection closed
2017-09-01T21:16:42,094 [ERROR] (    AbstractJDBCDao.java: 228) - Cannot update Object Course4 [name=Math, duration=12, groups=0, professors=0]
main.dao.PersistException: On update modify more then 1 record: 0
	at main.dao.AbstractJDBCDao.update(AbstractJDBCDao.java:222) [bin/:?]
	at test.dao.CourseDAOTest.testUpdate(CourseDAOTest.java:101) [bin/:?]
	at sun.reflect.NativeMethodAccessorImpl.invoke0(Native Method) ~[?:1.8.0_144]
	at sun.reflect.NativeMethodAccessorImpl.invoke(Unknown Source) ~[?:1.8.0_144]
	at sun.reflect.DelegatingMethodAccessorImpl.invoke(Unknown Source) ~[?:1.8.0_144]
	at java.lang.reflect.Method.invoke(Unknown Source) ~[?:1.8.0_144]
	at org.junit.runners.model.FrameworkMethod$1.runReflectiveCall(FrameworkMethod.java:47) [junit.jar:?]
	at org.junit.internal.runners.model.ReflectiveCallable.run(ReflectiveCallable.java:12) [junit.jar:?]
	at org.junit.runners.model.FrameworkMethod.invokeExplosively(FrameworkMethod.java:44) [junit.jar:?]
	at org.junit.internal.runners.statements.InvokeMethod.evaluate(InvokeMethod.java:17) [junit.jar:?]
	at org.junit.internal.runners.statements.RunBefores.evaluate(RunBefores.java:26) [junit.jar:?]
	at org.junit.internal.runners.statements.RunAfters.evaluate(RunAfters.java:27) [junit.jar:?]
	at org.junit.runners.ParentRunner.runLeaf(ParentRunner.java:271) [junit.jar:?]
	at org.junit.runners.BlockJUnit4ClassRunner.runChild(BlockJUnit4ClassRunner.java:70) [junit.jar:?]
	at org.junit.runners.BlockJUnit4ClassRunner.runChild(BlockJUnit4ClassRunner.java:50) [junit.jar:?]
	at org.junit.runners.ParentRunner$3.run(ParentRunner.java:238) [junit.jar:?]
	at org.junit.runners.ParentRunner$1.schedule(ParentRunner.java:63) [junit.jar:?]
	at org.junit.runners.ParentRunner.runChildren(ParentRunner.java:236) [junit.jar:?]
	at org.junit.runners.ParentRunner.access$000(ParentRunner.java:53) [junit.jar:?]
	at org.junit.runners.ParentRunner$2.evaluate(ParentRunner.java:229) [junit.jar:?]
	at org.junit.runners.ParentRunner.run(ParentRunner.java:309) [junit.jar:?]
	at org.eclipse.jdt.internal.junit4.runner.JUnit4TestReference.run(JUnit4TestReference.java:50) [.cp/:?]
	at org.eclipse.jdt.internal.junit.runner.TestExecution.run(TestExecution.java:38) [.cp/:?]
	at org.eclipse.jdt.internal.junit.runner.RemoteTestRunner.runTests(RemoteTestRunner.java:459) [.cp/:?]
	at org.eclipse.jdt.internal.junit.runner.RemoteTestRunner.runTests(RemoteTestRunner.java:675) [.cp/:?]
	at org.eclipse.jdt.internal.junit.runner.RemoteTestRunner.run(RemoteTestRunner.java:382) [.cp/:?]
	at org.eclipse.jdt.internal.junit.runner.RemoteTestRunner.main(RemoteTestRunner.java:192) [.cp/:?]
2017-09-01T21:20:17,056 [INFO ] (    SqLiteCourseDao.java:  44) - Creating new course JavaEE , duration=10
2017-09-01T21:20:17,059 [INFO ] (    AbstractJDBCDao.java: 135) - Create Object Coursenull [name=JavaEE, duration=10, groups=0, professors=0]
2017-09-01T21:20:17,059 [DEBUG] (    AbstractJDBCDao.java: 137) - Open connection
2017-09-01T21:20:17,155 [DEBUG] (    AbstractJDBCDao.java: 139) - Create prepared statement
2017-09-01T21:20:17,158 [DEBUG] (    SqLiteCourseDao.java:  75) - Prepare Statement for insert to DB
2017-09-01T21:20:17,158 [DEBUG] (    AbstractJDBCDao.java: 143) - Get count of inserted result set
2017-09-01T21:20:17,610 [DEBUG] (    AbstractJDBCDao.java: 152) - statement closed
2017-09-01T21:20:17,610 [DEBUG] (    AbstractJDBCDao.java: 158) - Create prepared statement
2017-09-01T21:20:17,611 [DEBUG] (    AbstractJDBCDao.java: 160) - Get result set
2017-09-01T21:20:17,611 [DEBUG] (    SqLiteCourseDao.java:  53) - Parse Result Set from DB to Object's List
2017-09-01T21:20:17,611 [DEBUG] (    AbstractJDBCDao.java: 170) - connection closed
2017-09-01T21:20:17,616 [INFO ] (    AbstractJDBCDao.java:  74) - Get object from DB by key 5
2017-09-01T21:20:17,616 [DEBUG] (    AbstractJDBCDao.java:  76) - Open connection & Create prepared statement
2017-09-01T21:20:17,618 [DEBUG] (    AbstractJDBCDao.java:  81) - Get result set
2017-09-01T21:20:17,619 [DEBUG] (    AbstractJDBCDao.java:  84) - Parse result set
2017-09-01T21:20:17,619 [DEBUG] (    SqLiteCourseDao.java:  53) - Parse Result Set from DB to Object's List
2017-09-01T21:20:17,619 [DEBUG] (    AbstractJDBCDao.java:  87) - statement&connection closed
2017-09-01T21:20:17,621 [INFO ] (    SqLiteCourseDao.java:  44) - Creating new course Java , duration=40
2017-09-01T21:20:17,621 [INFO ] (    AbstractJDBCDao.java: 135) - Create Object Coursenull [name=Java, duration=40, groups=0, professors=0]
2017-09-01T21:20:17,621 [DEBUG] (    AbstractJDBCDao.java: 137) - Open connection
2017-09-01T21:20:17,623 [DEBUG] (    AbstractJDBCDao.java: 139) - Create prepared statement
2017-09-01T21:20:17,623 [DEBUG] (    SqLiteCourseDao.java:  75) - Prepare Statement for insert to DB
2017-09-01T21:20:17,623 [DEBUG] (    AbstractJDBCDao.java: 143) - Get count of inserted result set
2017-09-01T21:20:17,909 [DEBUG] (    AbstractJDBCDao.java: 152) - statement closed
2017-09-01T21:20:17,910 [DEBUG] (    AbstractJDBCDao.java: 158) - Create prepared statement
2017-09-01T21:20:17,910 [DEBUG] (    AbstractJDBCDao.java: 160) - Get result set
2017-09-01T21:20:17,910 [DEBUG] (    SqLiteCourseDao.java:  53) - Parse Result Set from DB to Object's List
2017-09-01T21:20:17,911 [DEBUG] (    AbstractJDBCDao.java: 170) - connection closed
2017-09-01T21:20:17,915 [INFO ] (    SqLiteCourseDao.java:  44) - Creating new course JavaEE , duration=10
2017-09-01T21:20:17,916 [INFO ] (    AbstractJDBCDao.java: 135) - Create Object Coursenull [name=JavaEE, duration=10, groups=0, professors=0]
2017-09-01T21:20:17,916 [DEBUG] (    AbstractJDBCDao.java: 137) - Open connection
2017-09-01T21:20:17,917 [DEBUG] (    AbstractJDBCDao.java: 139) - Create prepared statement
2017-09-01T21:20:17,918 [DEBUG] (    SqLiteCourseDao.java:  75) - Prepare Statement for insert to DB
2017-09-01T21:20:17,918 [DEBUG] (    AbstractJDBCDao.java: 143) - Get count of inserted result set
2017-09-01T21:20:18,208 [DEBUG] (    AbstractJDBCDao.java: 152) - statement closed
2017-09-01T21:20:18,209 [DEBUG] (    AbstractJDBCDao.java: 158) - Create prepared statement
2017-09-01T21:20:18,209 [DEBUG] (    AbstractJDBCDao.java: 160) - Get result set
2017-09-01T21:20:18,209 [DEBUG] (    SqLiteCourseDao.java:  53) - Parse Result Set from DB to Object's List
2017-09-01T21:20:18,210 [DEBUG] (    AbstractJDBCDao.java: 170) - connection closed
2017-09-01T21:20:18,214 [INFO ] (    AbstractJDBCDao.java: 110) - Get all objects from DB
2017-09-01T21:20:18,214 [DEBUG] (    AbstractJDBCDao.java: 112) - Open connection & Create prepared statement & Get result set
2017-09-01T21:20:18,216 [DEBUG] (    AbstractJDBCDao.java: 117) - Parse result set
2017-09-01T21:20:18,216 [DEBUG] (    SqLiteCourseDao.java:  53) - Parse Result Set from DB to Object's List
2017-09-01T21:20:18,217 [DEBUG] (    AbstractJDBCDao.java: 120) - resultset & statement & connection closed
2017-09-01T21:20:18,217 [INFO ] (    AbstractJDBCDao.java: 182) - Delete Object Course7 [name=JavaEE, duration=10, groups=0, professors=0]
2017-09-01T21:20:18,217 [DEBUG] (    AbstractJDBCDao.java: 184) - Open connection & Create prepared statement
2017-09-01T21:20:18,219 [DEBUG] (    AbstractJDBCDao.java: 190) - Get count of deleted result set
2017-09-01T21:20:18,321 [DEBUG] (    AbstractJDBCDao.java: 198) - statement & connection closed
2017-09-01T21:20:18,326 [INFO ] (    AbstractJDBCDao.java: 110) - Get all objects from DB
2017-09-01T21:20:18,326 [DEBUG] (    AbstractJDBCDao.java: 112) - Open connection & Create prepared statement & Get result set
2017-09-01T21:20:18,328 [DEBUG] (    AbstractJDBCDao.java: 117) - Parse result set
2017-09-01T21:20:18,328 [DEBUG] (    SqLiteCourseDao.java:  53) - Parse Result Set from DB to Object's List
2017-09-01T21:20:18,328 [DEBUG] (    AbstractJDBCDao.java: 120) - resultset & statement & connection closed
2017-09-01T21:20:18,329 [INFO ] (    AbstractJDBCDao.java: 110) - Get all objects from DB
2017-09-01T21:20:18,329 [DEBUG] (    AbstractJDBCDao.java: 112) - Open connection & Create prepared statement & Get result set
2017-09-01T21:20:18,331 [DEBUG] (    AbstractJDBCDao.java: 117) - Parse result set
2017-09-01T21:20:18,331 [DEBUG] (    SqLiteCourseDao.java:  53) - Parse Result Set from DB to Object's List
2017-09-01T21:20:18,331 [DEBUG] (    AbstractJDBCDao.java: 120) - resultset & statement & connection closed
2017-09-01T21:20:18,332 [INFO ] (    AbstractJDBCDao.java: 210) - Update Object Course4 [name=Math, duration=12, groups=0, professors=0]
2017-09-01T21:20:18,332 [DEBUG] (    AbstractJDBCDao.java: 212) - Open connection & Create prepared statement
2017-09-01T21:20:18,334 [DEBUG] (    SqLiteCourseDao.java:  88) - Prepare Statement for update to DB
2017-09-01T21:20:18,334 [DEBUG] (    AbstractJDBCDao.java: 217) - Get count of updates result set
2017-09-01T21:20:18,453 [DEBUG] (    AbstractJDBCDao.java: 225) - statement & connection closed
2017-09-01T21:20:18,457 [INFO ] (    AbstractJDBCDao.java:  74) - Get object from DB by key 4
2017-09-01T21:20:18,458 [DEBUG] (    AbstractJDBCDao.java:  76) - Open connection & Create prepared statement
2017-09-01T21:20:18,459 [DEBUG] (    AbstractJDBCDao.java:  81) - Get result set
2017-09-01T21:20:18,460 [DEBUG] (    AbstractJDBCDao.java:  84) - Parse result set
2017-09-01T21:20:18,460 [DEBUG] (    SqLiteCourseDao.java:  53) - Parse Result Set from DB to Object's List
2017-09-01T21:20:18,460 [DEBUG] (    AbstractJDBCDao.java:  87) - statement&connection closed
