2017-09-09T11:44:21,852 [INFO ] (    SqLiteCourseDao.java:  46) - Creating new course JavaEE , duration=10
2017-09-09T11:44:21,870 [INFO ] (    AbstractJDBCDao.java: 138) - Create Object Coursenull [name=JavaEE, duration=10, groups=0, professors=0]
2017-09-09T11:44:21,870 [DEBUG] (    AbstractJDBCDao.java: 140) - Open connection
2017-09-09T11:44:21,948 [DEBUG] (    AbstractJDBCDao.java: 142) - Create prepared statement
2017-09-09T11:44:21,951 [DEBUG] (    SqLiteCourseDao.java:  76) - Prepare Statement for insert to DB
2017-09-09T11:44:21,951 [DEBUG] (    AbstractJDBCDao.java: 146) - Get count of inserted result set
2017-09-09T11:44:21,973 [DEBUG] (    AbstractJDBCDao.java: 155) - statement closed
2017-09-09T11:44:21,973 [DEBUG] (    AbstractJDBCDao.java: 161) - Create prepared statement
2017-09-09T11:44:21,973 [DEBUG] (    AbstractJDBCDao.java: 163) - Get result set
2017-09-09T11:44:21,973 [DEBUG] (    SqLiteCourseDao.java:  54) - Parse Result Set from DB to Object's List
2017-09-09T11:44:21,973 [DEBUG] (    AbstractJDBCDao.java: 173) - connection closed
2017-09-09T11:44:21,976 [INFO ] (    AbstractJDBCDao.java: 268) - Add Course Group15 [name=FTZI, Students=0, Courses=0]
2017-09-09T11:44:21,976 [INFO ] (    AbstractJDBCDao.java: 244) - Get all Group ids related to Instance Course125 [name=JavaEE, duration=10, groups=0, professors=0] from DB
2017-09-09T11:44:21,978 [DEBUG] (    AbstractJDBCDao.java: 250) - Get result set
2017-09-09T11:44:21,978 [DEBUG] (    AbstractJDBCDao.java: 253) - Parse result set
2017-09-09T11:44:21,978 [DEBUG] (    AbstractJDBCDao.java: 344) - Parse Result Set from DB to Dependent Object ids List
2017-09-09T11:44:21,978 [DEBUG] (    AbstractJDBCDao.java: 256) - statement&connection closed
2017-09-09T11:44:21,978 [DEBUG] (    AbstractJDBCDao.java: 271) - Open connection & Create prepared statement
2017-09-09T11:44:21,981 [DEBUG] (    AbstractJDBCDao.java: 333) - Prepare Statement for insert/delete to DB
2017-09-09T11:44:21,981 [DEBUG] (    AbstractJDBCDao.java: 276) - Get count of inserted result set
2017-09-09T11:44:21,983 [DEBUG] (    AbstractJDBCDao.java: 285) - statement & connection closed
2017-09-09T11:44:21,983 [INFO ] (    AbstractJDBCDao.java: 268) - Add Course Professor18 [FullName=Vitaly Shershnov, Courses=0]
2017-09-09T11:44:21,983 [INFO ] (    AbstractJDBCDao.java: 244) - Get all Professor ids related to Instance Course125 [name=JavaEE, duration=10, groups=0, professors=0] from DB
2017-09-09T11:44:21,983 [DEBUG] (    AbstractJDBCDao.java: 250) - Get result set
2017-09-09T11:44:21,983 [DEBUG] (    AbstractJDBCDao.java: 253) - Parse result set
2017-09-09T11:44:21,983 [DEBUG] (    AbstractJDBCDao.java: 344) - Parse Result Set from DB to Dependent Object ids List
2017-09-09T11:44:21,986 [DEBUG] (    AbstractJDBCDao.java: 256) - statement&connection closed
2017-09-09T11:44:21,986 [DEBUG] (    AbstractJDBCDao.java: 271) - Open connection & Create prepared statement
2017-09-09T11:44:21,986 [DEBUG] (    AbstractJDBCDao.java: 333) - Prepare Statement for insert/delete to DB
2017-09-09T11:44:21,986 [DEBUG] (    AbstractJDBCDao.java: 276) - Get count of inserted result set
2017-09-09T11:44:21,988 [DEBUG] (    AbstractJDBCDao.java: 285) - statement & connection closed
2017-09-09T11:44:21,988 [INFO ] (    AbstractJDBCDao.java: 113) - Get all objects from DB
2017-09-09T11:44:21,988 [DEBUG] (    AbstractJDBCDao.java: 115) - Open connection & Create prepared statement & Get result set
2017-09-09T11:44:21,991 [DEBUG] (    AbstractJDBCDao.java: 120) - Parse result set
2017-09-09T11:44:21,991 [DEBUG] (    SqLiteCourseDao.java:  54) - Parse Result Set from DB to Object's List
2017-09-09T11:44:21,991 [DEBUG] (    AbstractJDBCDao.java: 123) - resultset & statement & connection closed
2017-09-09T11:44:21,991 [INFO ] (    AbstractJDBCDao.java: 244) - Get all Group ids related to Instance Course125 [name=JavaEE, duration=10, groups=0, professors=0] from DB
2017-09-09T11:44:21,991 [DEBUG] (    AbstractJDBCDao.java: 250) - Get result set
2017-09-09T11:44:21,993 [DEBUG] (    AbstractJDBCDao.java: 253) - Parse result set
2017-09-09T11:44:21,993 [DEBUG] (    AbstractJDBCDao.java: 344) - Parse Result Set from DB to Dependent Object ids List
2017-09-09T11:44:21,993 [DEBUG] (    AbstractJDBCDao.java: 256) - statement&connection closed
2017-09-09T11:44:21,993 [INFO ] (    AbstractJDBCDao.java: 244) - Get all Professor ids related to Instance Course125 [name=JavaEE, duration=10, groups=0, professors=0] from DB
2017-09-09T11:44:21,993 [DEBUG] (    AbstractJDBCDao.java: 250) - Get result set
2017-09-09T11:44:21,993 [DEBUG] (    AbstractJDBCDao.java: 253) - Parse result set
2017-09-09T11:44:21,993 [DEBUG] (    AbstractJDBCDao.java: 344) - Parse Result Set from DB to Dependent Object ids List
2017-09-09T11:44:21,993 [DEBUG] (    AbstractJDBCDao.java: 256) - statement&connection closed
2017-09-09T11:44:21,993 [INFO ] (    AbstractJDBCDao.java: 185) - Delete Object Course125 [name=JavaEE, duration=10, groups=0, professors=0]
2017-09-09T11:44:21,996 [DEBUG] (    AbstractJDBCDao.java: 187) - Open connection & Create prepared statement
2017-09-09T11:44:21,996 [DEBUG] (    AbstractJDBCDao.java: 195) - Get count of deleted result set
2017-09-09T11:44:22,003 [DEBUG] (    AbstractJDBCDao.java: 205) - statement & connection closed
2017-09-09T11:44:22,003 [INFO ] (    AbstractJDBCDao.java: 113) - Get all objects from DB
2017-09-09T11:44:22,003 [DEBUG] (    AbstractJDBCDao.java: 115) - Open connection & Create prepared statement & Get result set
2017-09-09T11:44:22,006 [DEBUG] (    AbstractJDBCDao.java: 120) - Parse result set
2017-09-09T11:44:22,006 [DEBUG] (    SqLiteCourseDao.java:  54) - Parse Result Set from DB to Object's List
2017-09-09T11:44:22,006 [DEBUG] (    AbstractJDBCDao.java: 123) - resultset & statement & connection closed
2017-09-09T11:44:22,006 [INFO ] (    AbstractJDBCDao.java: 244) - Get all Group ids related to Instance Course125 [name=JavaEE, duration=10, groups=0, professors=0] from DB
2017-09-09T11:44:22,006 [DEBUG] (    AbstractJDBCDao.java: 250) - Get result set
2017-09-09T11:44:22,006 [DEBUG] (    AbstractJDBCDao.java: 253) - Parse result set
2017-09-09T11:44:22,006 [DEBUG] (    AbstractJDBCDao.java: 344) - Parse Result Set from DB to Dependent Object ids List
2017-09-09T11:44:22,006 [DEBUG] (    AbstractJDBCDao.java: 256) - statement&connection closed
2017-09-09T11:44:22,008 [INFO ] (    AbstractJDBCDao.java: 244) - Get all Professor ids related to Instance Course125 [name=JavaEE, duration=10, groups=0, professors=0] from DB
2017-09-09T11:44:22,008 [DEBUG] (    AbstractJDBCDao.java: 250) - Get result set
2017-09-09T11:44:22,008 [DEBUG] (    AbstractJDBCDao.java: 253) - Parse result set
2017-09-09T11:44:22,008 [DEBUG] (    AbstractJDBCDao.java: 344) - Parse Result Set from DB to Dependent Object ids List
2017-09-09T11:44:22,008 [DEBUG] (    AbstractJDBCDao.java: 256) - statement&connection closed
2017-09-09T11:44:22,013 [INFO ] (    SqLiteCourseDao.java:  46) - Creating new course JavaEE , duration=10
2017-09-09T11:44:22,013 [INFO ] (    AbstractJDBCDao.java: 138) - Create Object Coursenull [name=JavaEE, duration=10, groups=0, professors=0]
2017-09-09T11:44:22,013 [DEBUG] (    AbstractJDBCDao.java: 140) - Open connection
2017-09-09T11:44:22,016 [DEBUG] (    AbstractJDBCDao.java: 142) - Create prepared statement
2017-09-09T11:44:22,016 [DEBUG] (    SqLiteCourseDao.java:  76) - Prepare Statement for insert to DB
2017-09-09T11:44:22,016 [DEBUG] (    AbstractJDBCDao.java: 146) - Get count of inserted result set
2017-09-09T11:44:22,033 [DEBUG] (    AbstractJDBCDao.java: 155) - statement closed
2017-09-09T11:44:22,036 [DEBUG] (    AbstractJDBCDao.java: 161) - Create prepared statement
2017-09-09T11:44:22,036 [DEBUG] (    AbstractJDBCDao.java: 163) - Get result set
2017-09-09T11:44:22,036 [DEBUG] (    SqLiteCourseDao.java:  54) - Parse Result Set from DB to Object's List
2017-09-09T11:44:22,036 [DEBUG] (    AbstractJDBCDao.java: 173) - connection closed
2017-09-09T11:44:22,036 [INFO ] (    AbstractJDBCDao.java:  76) - Get object from DB by key 126
2017-09-09T11:44:22,036 [DEBUG] (    AbstractJDBCDao.java:  78) - Open connection & Create prepared statement
2017-09-09T11:44:22,036 [DEBUG] (    AbstractJDBCDao.java:  83) - Get result set
2017-09-09T11:44:22,036 [DEBUG] (    AbstractJDBCDao.java:  86) - Parse result set
2017-09-09T11:44:22,036 [DEBUG] (    SqLiteCourseDao.java:  54) - Parse Result Set from DB to Object's List
2017-09-09T11:44:22,036 [DEBUG] (    AbstractJDBCDao.java:  89) - statement&connection closed
2017-09-09T11:44:22,038 [INFO ] (    AbstractJDBCDao.java: 244) - Get all Group ids related to Instance Course1 [name=JavaEE, duration=10, groups=0, professors=0] from DB
2017-09-09T11:44:22,038 [DEBUG] (    AbstractJDBCDao.java: 250) - Get result set
2017-09-09T11:44:22,038 [DEBUG] (    AbstractJDBCDao.java: 253) - Parse result set
2017-09-09T11:44:22,038 [DEBUG] (    AbstractJDBCDao.java: 344) - Parse Result Set from DB to Dependent Object ids List
2017-09-09T11:44:22,038 [DEBUG] (    AbstractJDBCDao.java: 256) - statement&connection closed
2017-09-09T11:44:22,038 [INFO ] (    AbstractJDBCDao.java: 244) - Get all Professor ids related to Instance Course1 [name=JavaEE, duration=10, groups=0, professors=0] from DB
2017-09-09T11:44:22,041 [DEBUG] (    AbstractJDBCDao.java: 250) - Get result set
2017-09-09T11:44:22,041 [DEBUG] (    AbstractJDBCDao.java: 253) - Parse result set
2017-09-09T11:44:22,041 [DEBUG] (    AbstractJDBCDao.java: 344) - Parse Result Set from DB to Dependent Object ids List
2017-09-09T11:44:22,041 [DEBUG] (    AbstractJDBCDao.java: 256) - statement&connection closed
2017-09-09T11:44:22,041 [INFO ] (    SqLiteCourseDao.java:  46) - Creating new course Java , duration=40
2017-09-09T11:44:22,041 [INFO ] (    AbstractJDBCDao.java: 138) - Create Object Coursenull [name=Java, duration=40, groups=0, professors=0]
2017-09-09T11:44:22,041 [DEBUG] (    AbstractJDBCDao.java: 140) - Open connection
2017-09-09T11:44:22,041 [DEBUG] (    AbstractJDBCDao.java: 142) - Create prepared statement
2017-09-09T11:44:22,043 [DEBUG] (    SqLiteCourseDao.java:  76) - Prepare Statement for insert to DB
2017-09-09T11:44:22,043 [DEBUG] (    AbstractJDBCDao.java: 146) - Get count of inserted result set
2017-09-09T11:44:22,048 [DEBUG] (    AbstractJDBCDao.java: 155) - statement closed
2017-09-09T11:44:22,048 [DEBUG] (    AbstractJDBCDao.java: 161) - Create prepared statement
2017-09-09T11:44:22,048 [DEBUG] (    AbstractJDBCDao.java: 163) - Get result set
2017-09-09T11:44:22,048 [DEBUG] (    SqLiteCourseDao.java:  54) - Parse Result Set from DB to Object's List
2017-09-09T11:44:22,048 [DEBUG] (    AbstractJDBCDao.java: 173) - connection closed
2017-09-09T11:44:22,048 [INFO ] (    SqLiteCourseDao.java:  46) - Creating new course JavaEE , duration=10
2017-09-09T11:44:22,048 [INFO ] (    AbstractJDBCDao.java: 138) - Create Object Coursenull [name=JavaEE, duration=10, groups=0, professors=0]
2017-09-09T11:44:22,051 [DEBUG] (    AbstractJDBCDao.java: 140) - Open connection
2017-09-09T11:44:22,051 [DEBUG] (    AbstractJDBCDao.java: 142) - Create prepared statement
2017-09-09T11:44:22,051 [DEBUG] (    SqLiteCourseDao.java:  76) - Prepare Statement for insert to DB
2017-09-09T11:44:22,051 [DEBUG] (    AbstractJDBCDao.java: 146) - Get count of inserted result set
2017-09-09T11:44:22,061 [DEBUG] (    AbstractJDBCDao.java: 155) - statement closed
2017-09-09T11:44:22,061 [DEBUG] (    AbstractJDBCDao.java: 161) - Create prepared statement
2017-09-09T11:44:22,061 [DEBUG] (    AbstractJDBCDao.java: 163) - Get result set
2017-09-09T11:44:22,061 [DEBUG] (    SqLiteCourseDao.java:  54) - Parse Result Set from DB to Object's List
2017-09-09T11:44:22,061 [DEBUG] (    AbstractJDBCDao.java: 173) - connection closed
2017-09-09T11:44:22,061 [INFO ] (    AbstractJDBCDao.java: 113) - Get all objects from DB
2017-09-09T11:44:22,063 [DEBUG] (    AbstractJDBCDao.java: 115) - Open connection & Create prepared statement & Get result set
2017-09-09T11:44:22,063 [DEBUG] (    AbstractJDBCDao.java: 120) - Parse result set
2017-09-09T11:44:22,063 [DEBUG] (    SqLiteCourseDao.java:  54) - Parse Result Set from DB to Object's List
2017-09-09T11:44:22,063 [DEBUG] (    AbstractJDBCDao.java: 123) - resultset & statement & connection closed
2017-09-09T11:44:22,063 [INFO ] (    AbstractJDBCDao.java: 185) - Delete Object Course128 [name=JavaEE, duration=10, groups=0, professors=0]
2017-09-09T11:44:22,063 [DEBUG] (    AbstractJDBCDao.java: 187) - Open connection & Create prepared statement
2017-09-09T11:44:22,063 [DEBUG] (    AbstractJDBCDao.java: 195) - Get count of deleted result set
2017-09-09T11:44:22,076 [DEBUG] (    AbstractJDBCDao.java: 205) - statement & connection closed
2017-09-09T11:44:22,076 [INFO ] (    AbstractJDBCDao.java: 113) - Get all objects from DB
2017-09-09T11:44:22,076 [DEBUG] (    AbstractJDBCDao.java: 115) - Open connection & Create prepared statement & Get result set
2017-09-09T11:44:22,078 [DEBUG] (    AbstractJDBCDao.java: 120) - Parse result set
2017-09-09T11:44:22,078 [DEBUG] (    SqLiteCourseDao.java:  54) - Parse Result Set from DB to Object's List
2017-09-09T11:44:22,078 [DEBUG] (    AbstractJDBCDao.java: 123) - resultset & statement & connection closed
2017-09-09T11:44:22,078 [INFO ] (    AbstractJDBCDao.java: 113) - Get all objects from DB
2017-09-09T11:44:22,078 [DEBUG] (    AbstractJDBCDao.java: 115) - Open connection & Create prepared statement & Get result set
2017-09-09T11:44:22,081 [DEBUG] (    AbstractJDBCDao.java: 120) - Parse result set
2017-09-09T11:44:22,081 [DEBUG] (    SqLiteCourseDao.java:  54) - Parse Result Set from DB to Object's List
2017-09-09T11:44:22,081 [DEBUG] (    AbstractJDBCDao.java: 123) - resultset & statement & connection closed
2017-09-09T11:44:22,081 [INFO ] (    AbstractJDBCDao.java:  76) - Get object from DB by key 4
2017-09-09T11:44:22,081 [DEBUG] (    AbstractJDBCDao.java:  78) - Open connection & Create prepared statement
2017-09-09T11:44:22,081 [DEBUG] (    AbstractJDBCDao.java:  83) - Get result set
2017-09-09T11:44:22,083 [DEBUG] (    AbstractJDBCDao.java:  86) - Parse result set
2017-09-09T11:44:22,083 [DEBUG] (    SqLiteCourseDao.java:  54) - Parse Result Set from DB to Object's List
2017-09-09T11:44:22,083 [DEBUG] (    AbstractJDBCDao.java:  89) - statement&connection closed
2017-09-09T11:44:22,083 [INFO ] (    AbstractJDBCDao.java: 268) - Add Course Group15 [name=FTZI, Students=0, Courses=0]
2017-09-09T11:44:22,083 [INFO ] (    AbstractJDBCDao.java: 244) - Get all Group ids related to Instance Course4 [name=Math, duration=12, groups=0, professors=0] from DB
2017-09-09T11:44:22,088 [DEBUG] (    AbstractJDBCDao.java: 250) - Get result set
2017-09-09T11:44:22,088 [DEBUG] (    AbstractJDBCDao.java: 253) - Parse result set
2017-09-09T11:44:22,091 [DEBUG] (    AbstractJDBCDao.java: 344) - Parse Result Set from DB to Dependent Object ids List
2017-09-09T11:44:22,091 [DEBUG] (    AbstractJDBCDao.java: 256) - statement&connection closed
2017-09-09T11:44:22,091 [DEBUG] (    AbstractJDBCDao.java: 271) - Open connection & Create prepared statement
2017-09-09T11:44:22,091 [DEBUG] (    AbstractJDBCDao.java: 333) - Prepare Statement for insert/delete to DB
2017-09-09T11:44:22,091 [DEBUG] (    AbstractJDBCDao.java: 276) - Get count of inserted result set
2017-09-09T11:44:22,111 [DEBUG] (    AbstractJDBCDao.java: 285) - statement & connection closed
2017-09-09T11:44:22,113 [INFO ] (    AbstractJDBCDao.java: 244) - Get all Group ids related to Instance Course4 [name=Math, duration=12, groups=0, professors=0] from DB
2017-09-09T11:44:22,113 [DEBUG] (    AbstractJDBCDao.java: 250) - Get result set
2017-09-09T11:44:22,113 [DEBUG] (    AbstractJDBCDao.java: 253) - Parse result set
2017-09-09T11:44:22,113 [DEBUG] (    AbstractJDBCDao.java: 344) - Parse Result Set from DB to Dependent Object ids List
2017-09-09T11:44:22,113 [DEBUG] (    AbstractJDBCDao.java: 256) - statement&connection closed
2017-09-09T11:44:22,113 [INFO ] (    AbstractJDBCDao.java: 298) - Remove Group15 [name=FTZI, Students=0, Courses=0] from Course4 [name=Math, duration=12, groups=0, professors=0]
2017-09-09T11:44:22,113 [INFO ] (    AbstractJDBCDao.java: 244) - Get all Group ids related to Instance Course4 [name=Math, duration=12, groups=0, professors=0] from DB
2017-09-09T11:44:22,116 [DEBUG] (    AbstractJDBCDao.java: 250) - Get result set
2017-09-09T11:44:22,116 [DEBUG] (    AbstractJDBCDao.java: 253) - Parse result set
2017-09-09T11:44:22,116 [DEBUG] (    AbstractJDBCDao.java: 344) - Parse Result Set from DB to Dependent Object ids List
2017-09-09T11:44:22,116 [DEBUG] (    AbstractJDBCDao.java: 256) - statement&connection closed
2017-09-09T11:44:22,116 [DEBUG] (    AbstractJDBCDao.java: 301) - Open connection & Create prepared statement
2017-09-09T11:44:22,116 [DEBUG] (    AbstractJDBCDao.java: 333) - Prepare Statement for insert/delete to DB
2017-09-09T11:44:22,116 [DEBUG] (    AbstractJDBCDao.java: 306) - Get count of deleted result set
2017-09-09T11:44:22,126 [DEBUG] (    AbstractJDBCDao.java: 314) - statement & connection closed
2017-09-09T11:44:22,126 [INFO ] (    AbstractJDBCDao.java: 244) - Get all Group ids related to Instance Course4 [name=Math, duration=12, groups=0, professors=0] from DB
2017-09-09T11:44:22,128 [DEBUG] (    AbstractJDBCDao.java: 250) - Get result set
2017-09-09T11:44:22,128 [DEBUG] (    AbstractJDBCDao.java: 253) - Parse result set
2017-09-09T11:44:22,128 [DEBUG] (    AbstractJDBCDao.java: 344) - Parse Result Set from DB to Dependent Object ids List
2017-09-09T11:44:22,128 [DEBUG] (    AbstractJDBCDao.java: 256) - statement&connection closed
2017-09-09T11:44:22,128 [INFO ] (    AbstractJDBCDao.java:  76) - Get object from DB by key 4
2017-09-09T11:44:22,128 [DEBUG] (    AbstractJDBCDao.java:  78) - Open connection & Create prepared statement
2017-09-09T11:44:22,128 [DEBUG] (    AbstractJDBCDao.java:  83) - Get result set
2017-09-09T11:44:22,131 [DEBUG] (    AbstractJDBCDao.java:  86) - Parse result set
2017-09-09T11:44:22,131 [DEBUG] (    SqLiteCourseDao.java:  54) - Parse Result Set from DB to Object's List
2017-09-09T11:44:22,131 [DEBUG] (    AbstractJDBCDao.java:  89) - statement&connection closed
2017-09-09T11:44:22,131 [INFO ] (    AbstractJDBCDao.java: 268) - Add Course Professor18 [FullName=Vitaly Shershnov, Courses=0]
2017-09-09T11:44:22,131 [INFO ] (    AbstractJDBCDao.java: 244) - Get all Professor ids related to Instance Course4 [name=Math, duration=12, groups=0, professors=0] from DB
2017-09-09T11:44:22,131 [DEBUG] (    AbstractJDBCDao.java: 250) - Get result set
2017-09-09T11:44:22,131 [DEBUG] (    AbstractJDBCDao.java: 253) - Parse result set
2017-09-09T11:44:22,131 [DEBUG] (    AbstractJDBCDao.java: 344) - Parse Result Set from DB to Dependent Object ids List
2017-09-09T11:44:22,131 [DEBUG] (    AbstractJDBCDao.java: 256) - statement&connection closed
2017-09-09T11:44:22,131 [DEBUG] (    AbstractJDBCDao.java: 271) - Open connection & Create prepared statement
2017-09-09T11:44:22,131 [DEBUG] (    AbstractJDBCDao.java: 333) - Prepare Statement for insert/delete to DB
2017-09-09T11:44:22,133 [DEBUG] (    AbstractJDBCDao.java: 276) - Get count of inserted result set
2017-09-09T11:44:22,136 [DEBUG] (    AbstractJDBCDao.java: 285) - statement & connection closed
2017-09-09T11:44:22,136 [INFO ] (    AbstractJDBCDao.java: 244) - Get all Professor ids related to Instance Course4 [name=Math, duration=12, groups=0, professors=0] from DB
2017-09-09T11:44:22,136 [DEBUG] (    AbstractJDBCDao.java: 250) - Get result set
2017-09-09T11:44:22,138 [DEBUG] (    AbstractJDBCDao.java: 253) - Parse result set
2017-09-09T11:44:22,138 [DEBUG] (    AbstractJDBCDao.java: 344) - Parse Result Set from DB to Dependent Object ids List
2017-09-09T11:44:22,138 [DEBUG] (    AbstractJDBCDao.java: 256) - statement&connection closed
2017-09-09T11:44:22,138 [INFO ] (    AbstractJDBCDao.java: 298) - Remove Professor18 [FullName=Vitaly Shershnov, Courses=0] from Course4 [name=Math, duration=12, groups=0, professors=0]
2017-09-09T11:44:22,138 [INFO ] (    AbstractJDBCDao.java: 244) - Get all Professor ids related to Instance Course4 [name=Math, duration=12, groups=0, professors=0] from DB
2017-09-09T11:44:22,138 [DEBUG] (    AbstractJDBCDao.java: 250) - Get result set
2017-09-09T11:44:22,138 [DEBUG] (    AbstractJDBCDao.java: 253) - Parse result set
2017-09-09T11:44:22,138 [DEBUG] (    AbstractJDBCDao.java: 344) - Parse Result Set from DB to Dependent Object ids List
2017-09-09T11:44:22,138 [DEBUG] (    AbstractJDBCDao.java: 256) - statement&connection closed
2017-09-09T11:44:22,138 [DEBUG] (    AbstractJDBCDao.java: 301) - Open connection & Create prepared statement
2017-09-09T11:44:22,141 [DEBUG] (    AbstractJDBCDao.java: 333) - Prepare Statement for insert/delete to DB
2017-09-09T11:44:22,141 [DEBUG] (    AbstractJDBCDao.java: 306) - Get count of deleted result set
2017-09-09T11:44:22,148 [DEBUG] (    AbstractJDBCDao.java: 314) - statement & connection closed
2017-09-09T11:44:22,148 [INFO ] (    AbstractJDBCDao.java: 244) - Get all Professor ids related to Instance Course4 [name=Math, duration=12, groups=0, professors=0] from DB
2017-09-09T11:44:22,151 [DEBUG] (    AbstractJDBCDao.java: 250) - Get result set
2017-09-09T11:44:22,151 [DEBUG] (    AbstractJDBCDao.java: 253) - Parse result set
2017-09-09T11:44:22,151 [DEBUG] (    AbstractJDBCDao.java: 344) - Parse Result Set from DB to Dependent Object ids List
2017-09-09T11:44:22,151 [DEBUG] (    AbstractJDBCDao.java: 256) - statement&connection closed
2017-09-09T11:44:22,151 [INFO ] (    AbstractJDBCDao.java: 217) - Update Course by Course4 [name=Math, duration=12, groups=0, professors=0]
2017-09-09T11:44:22,151 [DEBUG] (    AbstractJDBCDao.java: 219) - Open connection & Create prepared statement
2017-09-09T11:44:22,151 [DEBUG] (    SqLiteCourseDao.java:  89) - Prepare Statement for update to DB
2017-09-09T11:44:22,151 [DEBUG] (    AbstractJDBCDao.java: 224) - Get count of updates result set
2017-09-09T11:44:22,173 [DEBUG] (    AbstractJDBCDao.java: 232) - statement & connection closed
2017-09-09T11:44:22,173 [INFO ] (    AbstractJDBCDao.java:  76) - Get object from DB by key 4
2017-09-09T11:44:22,173 [DEBUG] (    AbstractJDBCDao.java:  78) - Open connection & Create prepared statement
2017-09-09T11:44:22,176 [DEBUG] (    AbstractJDBCDao.java:  83) - Get result set
2017-09-09T11:44:22,176 [DEBUG] (    AbstractJDBCDao.java:  86) - Parse result set
2017-09-09T11:44:22,176 [DEBUG] (    SqLiteCourseDao.java:  54) - Parse Result Set from DB to Object's List
2017-09-09T11:44:22,178 [DEBUG] (    AbstractJDBCDao.java:  89) - statement&connection closed
